10:42:25 DEBUG    PIL.Image                           Importing AvifImagePlugin
10:42:25 DEBUG    PIL.Image                           Importing BlpImagePlugin
10:42:25 DEBUG    PIL.Image                           Importing BmpImagePlugin
10:42:25 DEBUG    PIL.Image                           Importing BufrStubImagePlugin
10:42:25 DEBUG    PIL.Image                           Importing CurImagePlugin
10:42:25 DEBUG    PIL.Image                           Importing DcxImagePlugin
10:42:25 DEBUG    PIL.Image                           Importing DdsImagePlugin
10:42:25 DEBUG    PIL.Image                           Importing EpsImagePlugin
10:42:25 DEBUG    PIL.Image                           Importing FitsImagePlugin
10:42:25 DEBUG    PIL.Image                           Importing FliImagePlugin
10:42:25 DEBUG    PIL.Image                           Importing FpxImagePlugin
10:42:25 DEBUG    PIL.Image                           Image: failed to import FpxImagePlugin: No module named 'olefile'
10:42:25 DEBUG    PIL.Image                           Importing FtexImagePlugin
10:42:25 DEBUG    PIL.Image                           Importing GbrImagePlugin
10:42:25 DEBUG    PIL.Image                           Importing GifImagePlugin
10:42:25 DEBUG    PIL.Image                           Importing GribStubImagePlugin
10:42:25 DEBUG    PIL.Image                           Importing Hdf5StubImagePlugin
10:42:25 DEBUG    PIL.Image                           Importing IcnsImagePlugin
10:42:25 DEBUG    PIL.Image                           Importing IcoImagePlugin
10:42:25 DEBUG    PIL.Image                           Importing ImImagePlugin
10:42:25 DEBUG    PIL.Image                           Importing ImtImagePlugin
10:42:25 DEBUG    PIL.Image                           Importing IptcImagePlugin
10:42:25 DEBUG    PIL.Image                           Importing JpegImagePlugin
10:42:25 DEBUG    PIL.Image                           Importing Jpeg2KImagePlugin
10:42:25 DEBUG    PIL.Image                           Importing McIdasImagePlugin
10:42:25 DEBUG    PIL.Image                           Importing MicImagePlugin
10:42:25 DEBUG    PIL.Image                           Image: failed to import MicImagePlugin: No module named 'olefile'
10:42:25 DEBUG    PIL.Image                           Importing MpegImagePlugin
10:42:25 DEBUG    PIL.Image                           Importing MpoImagePlugin
10:42:25 DEBUG    PIL.Image                           Importing MspImagePlugin
10:42:25 DEBUG    PIL.Image                           Importing PalmImagePlugin
10:42:25 DEBUG    PIL.Image                           Importing PcdImagePlugin
10:42:25 DEBUG    PIL.Image                           Importing PcxImagePlugin
10:42:25 DEBUG    PIL.Image                           Importing PdfImagePlugin
10:42:25 DEBUG    PIL.Image                           Importing PixarImagePlugin
10:42:25 DEBUG    PIL.Image                           Importing PngImagePlugin
10:42:25 DEBUG    PIL.Image                           Importing PpmImagePlugin
10:42:25 DEBUG    PIL.Image                           Importing PsdImagePlugin
10:42:25 DEBUG    PIL.Image                           Importing QoiImagePlugin
10:42:25 DEBUG    PIL.Image                           Importing SgiImagePlugin
10:42:25 DEBUG    PIL.Image                           Importing SpiderImagePlugin
10:42:25 DEBUG    PIL.Image                           Importing SunImagePlugin
10:42:25 DEBUG    PIL.Image                           Importing TgaImagePlugin
10:42:25 DEBUG    PIL.Image                           Importing TiffImagePlugin
10:42:25 DEBUG    PIL.Image                           Importing WebPImagePlugin
10:42:25 DEBUG    PIL.Image                           Importing WmfImagePlugin
10:42:25 DEBUG    PIL.Image                           Importing XbmImagePlugin
10:42:25 DEBUG    PIL.Image                           Importing XpmImagePlugin
10:42:25 DEBUG    PIL.Image                           Importing XVThumbImagePlugin
10:42:27 DEBUG    asyncio                             Using proactor: IocpProactor
10:42:27 DEBUG    asyncio                             Using proactor: IocpProactor
10:42:27 DEBUG    httpcore.connection                 connect_tcp.started host='api.gradio.app' port=443 local_address=None timeout=3 socket_options=None
10:42:27 DEBUG    httpcore.connection                 connect_tcp.started host='huggingface.co' port=443 local_address=None timeout=None socket_options=None
10:42:27 DEBUG    asyncio                             Using proactor: IocpProactor
10:42:27 DEBUG    httpcore.connection                 connect_tcp.complete return_value=<httpcore._backends.sync.SyncStream object at 0x000001F8C1538050>
10:42:27 DEBUG    httpcore.connection                 start_tls.started ssl_context=<ssl.SSLContext object at 0x000001F8C14D5AE0> server_hostname='huggingface.co' timeout=None
10:42:27 DEBUG    httpcore.connection                 start_tls.complete return_value=<httpcore._backends.sync.SyncStream object at 0x000001F8C1413ED0>
10:42:27 DEBUG    httpcore.http11                     send_request_headers.started request=<Request [b'HEAD']>
10:42:27 DEBUG    httpcore.http11                     send_request_headers.complete
10:42:27 DEBUG    httpcore.http11                     send_request_body.started request=<Request [b'HEAD']>
10:42:27 DEBUG    httpcore.http11                     send_request_body.complete
10:42:27 DEBUG    httpcore.http11                     receive_response_headers.started request=<Request [b'HEAD']>
10:42:27 DEBUG    asyncio                             Using proactor: IocpProactor
10:42:27 DEBUG    httpcore.http11                     receive_response_headers.complete return_value=(b'HTTP/1.1', 200, b'OK', [(b'Content-Type', b'text/plain; charset=utf-8'), (b'Content-Length', b'2'), (b'Connection', b'keep-alive'), (b'Date', b'Tue, 21 Apr 2026 15:42:27 GMT'), (b'ETag', b'W/"2-nOO9QiTIwXgNtWtBJezz8kv3SLc"'), (b'X-Powered-By', b'huggingface-moon'), (b'X-Request-Id', b'Root=1-69e79ae3-29738d60625207cd2595bea6;afc72dd1-92e1-4488-811a-b9263b29b453'), (b'RateLimit', b'"api";r=9999;t=205'), (b'RateLimit-Policy', b'"fixed window";"api";q=10000;w=300'), (b'cross-origin-opener-policy', b'same-origin'), (b'Referrer-Policy', b'strict-origin-when-cross-origin'), (b'Access-Control-Max-Age', b'86400'), (b'Access-Control-Allow-Origin', b'https://huggingface.co'), (b'Vary', b'Origin'), (b'Access-Control-Expose-Headers', b'X-Repo-Commit,X-Request-Id,X-Error-Code,X-Error-Message,X-Total-Count,ETag,Link,Accept-Ranges,Content-Range,X-Linked-Size,X-Linked-ETag,X-Xet-Hash'), (b'X-Cache', b'Miss from cloudfront'), (b'Via', b'1.1 44ceecd413d14872a55b11bedb024c22.cloudfront.net (CloudFront)'), (b'X-Amz-Cf-Pop', b'MSP50-P1'), (b'X-Amz-Cf-Id', b'OGi2arcpIEdtdwBnMF0tLKdjAp0Z-VjErbU-iiscuR2j14Pwmq0WYg==')])
10:42:27 INFO     httpx                               HTTP Request: HEAD https://huggingface.co/api/telemetry/https%3A/api.gradio.app/gradio-initiated-analytics "HTTP/1.1 200 OK"
10:42:27 DEBUG    httpcore.http11                     receive_response_body.started request=<Request [b'HEAD']>
10:42:27 DEBUG    httpcore.http11                     receive_response_body.complete
10:42:27 DEBUG    httpcore.http11                     response_closed.started
10:42:27 DEBUG    httpcore.http11                     response_closed.complete
10:42:27 DEBUG    httpcore.connection                 connect_tcp.complete return_value=<httpcore._backends.sync.SyncStream object at 0x000001F8C1412350>
10:42:27 DEBUG    httpcore.connection                 start_tls.started ssl_context=<ssl.SSLContext object at 0x000001F8B429A8F0> server_hostname='api.gradio.app' timeout=3
10:42:27 DEBUG    asyncio                             Using proactor: IocpProactor
10:42:27 DEBUG    asyncio                             Using proactor: IocpProactor
10:42:27 DEBUG    asyncio                             Using proactor: IocpProactor
10:42:27 DEBUG    asyncio                             Using proactor: IocpProactor
10:42:27 DEBUG    httpcore.connection                 start_tls.complete return_value=<httpcore._backends.sync.SyncStream object at 0x000001F8C1531CD0>
10:42:27 DEBUG    httpcore.http11                     send_request_headers.started request=<Request [b'GET']>
10:42:27 DEBUG    httpcore.http11                     send_request_headers.complete
10:42:27 DEBUG    httpcore.http11                     send_request_body.started request=<Request [b'GET']>
10:42:27 DEBUG    httpcore.http11                     send_request_body.complete
10:42:27 DEBUG    httpcore.http11                     receive_response_headers.started request=<Request [b'GET']>
10:42:27 DEBUG    asyncio                             Using proactor: IocpProactor
10:42:27 DEBUG    asyncio                             Using proactor: IocpProactor
10:42:27 DEBUG    httpcore.http11                     receive_response_headers.complete return_value=(b'HTTP/1.1', 200, b'OK', [(b'Date', b'Tue, 21 Apr 2026 15:42:27 GMT'), (b'Content-Type', b'application/json'), (b'Content-Length', b'21'), (b'Connection', b'keep-alive'), (b'Server', b'nginx/1.18.0'), (b'Access-Control-Allow-Origin', b'*')])
10:42:27 INFO     httpx                               HTTP Request: GET https://api.gradio.app/pkg-version "HTTP/1.1 200 OK"
10:42:27 DEBUG    httpcore.http11                     receive_response_body.started request=<Request [b'GET']>
10:42:27 DEBUG    httpcore.http11                     receive_response_body.complete
10:42:27 DEBUG    httpcore.http11                     response_closed.started
10:42:27 DEBUG    httpcore.http11                     response_closed.complete
10:42:27 DEBUG    httpcore.connection                 close.started
10:42:27 DEBUG    httpcore.connection                 close.complete
10:42:27 DEBUG    asyncio                             Using proactor: IocpProactor
10:42:27 DEBUG    asyncio                             Using proactor: IocpProactor
